Arguments: 
  /usr/local/Cellar/node/11.13.0/bin/node /usr/local/bin/yarn version

PATH: 
  /Users/briefmedia/Library/Android/sdk/platform-tools:/Users/briefmedia/Library/Android/sdk/tools:/usr/local/bin:/usr/bin:/bin:/usr/sbin:/sbin

Yarn version: 
  1.9.4

Node version: 
  11.13.0

Platform: 
  darwin x64

Trace: 
  Error: canceled
      at Interface.<anonymous> (/usr/local/lib/node_modules/yarn/lib/cli.js:126002:13)
      at Interface.emit (events.js:193:13)
      at Interface._ttyWrite (readline.js:820:16)
      at ReadStream.onkeypress (readline.js:184:10)
      at ReadStream.emit (events.js:193:13)
      at emitKeys (internal/readline.js:424:14)
      at emitKeys.next (<anonymous>)
      at ReadStream.onData (readline.js:1093:36)
      at ReadStream.emit (events.js:193:13)
      at addChunk (_stream_readable.js:296:12)

npm manifest: 
  {
    "name": "calligraphy-cms",
    "version": "0.9.0",
    "main": "index.js",
    "repository": "git@github.com:terrillo/calligraphy-cms.git",
    "author": "Terrillo Walls <terrillo@terrillo.com>",
    "license": "MIT",
    "scripts": {
      "release": "python utils/verison.py"
    }
  }

yarn manifest: 
  No manifest

Lockfile: 
  No lockfile
